<?xml version="1.0" encoding="UTF-8"?>
<testsuite xmlns:xsi="http://www.w3.org/2001/XMLSchema-instance" xsi:noNamespaceSchemaLocation="https://maven.apache.org/surefire/maven-surefire-plugin/xsd/surefire-test-report-3.0.xsd" version="3.0" name="br.unicamp.ic.inf335.beans.ProdutoBeanTest" time="0.209" tests="13" errors="0" skipped="0" failures="0">
  <properties>
[...]
</properties>
  <testcase name="Compare_Test_With_Equal_Value" classname="br.unicamp.ic.inf335.beans.ProdutoBeanTest" time="0.07"/>
  <testcase name="Get_Descricao_Test" classname="br.unicamp.ic.inf335.beans.ProdutoBeanTest" time="0.006"/>
  <testcase name="Set_Codigo_Test" classname="br.unicamp.ic.inf335.beans.ProdutoBeanTest" time="0"/>
  <testcase name="Compare_Test_With_Lower_Value" classname="br.unicamp.ic.inf335.beans.ProdutoBeanTest" time="0.004"/>
  <testcase name="Get_Nome_Test" classname="br.unicamp.ic.inf335.beans.ProdutoBeanTest" time="0.002"/>
  <testcase name="Get_Estado_Test" classname="br.unicamp.ic.inf335.beans.ProdutoBeanTest" time="0.001"/>
  <testcase name="Set_Descricao_Test" classname="br.unicamp.ic.inf335.beans.ProdutoBeanTest" time="0"/>
  <testcase name="Set_Valor_Test" classname="br.unicamp.ic.inf335.beans.ProdutoBeanTest" time="0.001"/>
  <testcase name="Set_Nome_Test" classname="br.unicamp.ic.inf335.beans.ProdutoBeanTest" time="0.006"/>
  <testcase name="Set_Estado_Test" classname="br.unicamp.ic.inf335.beans.ProdutoBeanTest" time="0"/>
  <testcase name="Get_Valor_Test" classname="br.unicamp.ic.inf335.beans.ProdutoBeanTest" time="0"/>
  <testcase name="Compare_Test_With_Higher_Value" classname="br.unicamp.ic.inf335.beans.ProdutoBeanTest" time="0.001"/>
  <testcase name="Get_Codigo_Test" classname="br.unicamp.ic.inf335.beans.ProdutoBeanTest" time="0"/>
</testsuite>